Using pre-set license
Built from '2020.3/staging' branch; Version is '2020.3.28f1 (f5400f52e03f) revision 16072719'; Using compiler version '192528614'; Build Type 'Release'
OS: 'Windows 10  (10.0.19043) 64bit Core' Language: 'tr' Physical Memory: 24508 MB
BatchMode: 1, IsHumanControllingUs: 0, StartBugReporterOnCrash: 0, Is64bit: 1, IsPro: 0

COMMAND LINE ARGUMENTS:
C:\Program Files\Unity\Hub\Editor\2020.3.28f1\Editor\Unity.exe
-adb2
-batchMode
-noUpm
-name
AssetImportWorker0
-projectPath
C:/UnityGames/LastBalloon/Balloon-Game/Balloon game
-logFile
Logs/AssetImportWorker0.log
-srvPort
56803
Successfully changed project path to: C:/UnityGames/LastBalloon/Balloon-Game/Balloon game
C:/UnityGames/LastBalloon/Balloon-Game/Balloon game
Using Asset Import Pipeline V2.
Refreshing native plugins compatible for Editor in 31.92 ms, found 2 plugins.
Preloading 0 native plugins for Editor in 0.00 ms.
Initialize engine version: 2020.3.28f1 (f5400f52e03f)
[Subsystems] Discovering subsystems at path C:/Program Files/Unity/Hub/Editor/2020.3.28f1/Editor/Data/Resources/UnitySubsystems
[Subsystems] Discovering subsystems at path C:/UnityGames/LastBalloon/Balloon-Game/Balloon game/Assets
GfxDevice: creating device client; threaded=0
Direct3D:
    Version:  Direct3D 11.0 [level 11.1]
    Renderer: Radeon RX 580 Series (ID=0x67df)
    Vendor:   
    VRAM:     8171 MB
    Driver:   30.0.13023.4001
Initialize mono
Mono path[0] = 'C:/Program Files/Unity/Hub/Editor/2020.3.28f1/Editor/Data/Managed'
Mono path[1] = 'C:/Program Files/Unity/Hub/Editor/2020.3.28f1/Editor/Data/MonoBleedingEdge/lib/mono/unityjit'
Mono config path = 'C:/Program Files/Unity/Hub/Editor/2020.3.28f1/Editor/Data/MonoBleedingEdge/etc'
Using monoOptions --debugger-agent=transport=dt_socket,embedding=1,server=y,suspend=n,address=127.0.0.1:56828
Begin MonoManager ReloadAssembly
Registering precompiled unity dll's ...
Register platform support module: C:/Program Files/Unity/Hub/Editor/2020.3.28f1/Editor/Data/PlaybackEngines/WebGLSupport/UnityEditor.WebGL.Extensions.dll
Register platform support module: C:/Program Files/Unity/Hub/Editor/2020.3.28f1/Editor/Data/PlaybackEngines/MacStandaloneSupport/UnityEditor.OSXStandalone.Extensions.dll
Register platform support module: C:/Program Files/Unity/Hub/Editor/2020.3.28f1/Editor/Data/PlaybackEngines/WindowsStandaloneSupport/UnityEditor.WindowsStandalone.Extensions.dll
Registered in 0.002924 seconds.
Native extension for WindowsStandalone target not found
Native extension for OSXStandalone target not found
Native extension for WebGL target not found
Refreshing native plugins compatible for Editor in 29.09 ms, found 2 plugins.
Preloading 0 native plugins for Editor in 0.00 ms.
Mono: successfully reloaded assembly
- Completed reload, in  0.564 seconds
Domain Reload Profiling:
	ReloadAssembly (564ms)
		BeginReloadAssembly (62ms)
			ExecutionOrderSort (0ms)
			DisableScriptedObjects (0ms)
			BackupInstance (0ms)
			ReleaseScriptingObjects (0ms)
			CreateAndSetChildDomain (1ms)
		EndReloadAssembly (434ms)
			LoadAssemblies (60ms)
			RebuildTransferFunctionScriptingTraits (0ms)
			SetupTypeCache (145ms)
			ReleaseScriptCaches (0ms)
			RebuildScriptCaches (29ms)
			SetupLoadedEditorAssemblies (164ms)
				LogAssemblyErrors (0ms)
				InitializePlatformSupportModulesInManaged (6ms)
				SetLoadedEditorAssemblies (0ms)
				RefreshPlugins (29ms)
				BeforeProcessingInitializeOnLoad (16ms)
				ProcessInitializeOnLoadAttributes (79ms)
				ProcessInitializeOnLoadMethodAttributes (33ms)
				AfterProcessingInitializeOnLoad (0ms)
				EditorAssembliesLoaded (0ms)
			ExecutionOrderSort2 (0ms)
			AwakeInstancesAfterBackupRestoration (0ms)
Platform modules already initialized, skipping
Registering precompiled user dll's ...
Registered in 0.004438 seconds.
Begin MonoManager ReloadAssembly
Native extension for WindowsStandalone target not found
Native extension for OSXStandalone target not found
Native extension for WebGL target not found
Refreshing native plugins compatible for Editor in 0.33 ms, found 2 plugins.
Preloading 0 native plugins for Editor in 0.00 ms.
Mono: successfully reloaded assembly
- Completed reload, in  0.958 seconds
Domain Reload Profiling:
	ReloadAssembly (959ms)
		BeginReloadAssembly (142ms)
			ExecutionOrderSort (0ms)
			DisableScriptedObjects (4ms)
			BackupInstance (0ms)
			ReleaseScriptingObjects (0ms)
			CreateAndSetChildDomain (18ms)
		EndReloadAssembly (758ms)
			LoadAssemblies (90ms)
			RebuildTransferFunctionScriptingTraits (0ms)
			SetupTypeCache (266ms)
			ReleaseScriptCaches (0ms)
			RebuildScriptCaches (39ms)
			SetupLoadedEditorAssemblies (287ms)
				LogAssemblyErrors (0ms)
				InitializePlatformSupportModulesInManaged (6ms)
				SetLoadedEditorAssemblies (0ms)
				RefreshPlugins (0ms)
				BeforeProcessingInitializeOnLoad (73ms)
				ProcessInitializeOnLoadAttributes (192ms)
				ProcessInitializeOnLoadMethodAttributes (8ms)
				AfterProcessingInitializeOnLoad (7ms)
				EditorAssembliesLoaded (0ms)
			ExecutionOrderSort2 (0ms)
			AwakeInstancesAfterBackupRestoration (6ms)
Platform modules already initialized, skipping
========================================================================
Worker process is ready to serve import requests
Launched and connected shader compiler UnityShaderCompiler.exe after 0.04 seconds
Refreshing native plugins compatible for Editor in 0.32 ms, found 2 plugins.
Preloading 0 native plugins for Editor in 0.00 ms.
Unloading 1527 Unused Serialized files (Serialized files now loaded: 0)
System memory in use before: 69.4 MB.
System memory in use after: 69.5 MB.

Unloading 19 unused Assets to reduce memory usage. Loaded Objects now: 1960.
Total: 2.438900 ms (FindLiveObjects: 0.110000 ms CreateObjectMapping: 0.045600 ms MarkObjects: 2.223100 ms  DeleteObjects: 0.059500 ms)

AssetImportParameters requested are different than current active one (requested -> active):
  custom:framework-win-MediaFoundation: 216162199b28c13a410421893ffa2e32 -> 
  custom:video-decoder-ogg-theora: a1e56fd34408186e4bbccfd4996cb3dc -> 
  custom:container-muxer-webm: aa71ff27fc2769a1b78a27578f13a17b -> 
  custom:container-demuxer-webm: 4f35f7cbe854078d1ac9338744f61a02 -> 
  custom:container-demuxer-ogg: 62fdf1f143b41e24485cea50d1cbac27 -> 
  custom:video-encoder-webm-vp8: eb34c28f22e8b96e1ab97ce403110664 -> 
  custom:video-decoder-webm-vp8: 9c59270c3fd7afecdb556c50c9e8de78 -> 
  custom:audio-decoder-ogg-vorbis: bf7c407c2cedff20999df2af8eb42d56 -> 
  custom:audio-encoder-webm-vorbis: bf7c407c2cedff20999df2af8eb42d56 -> 
========================================================================
Received Import Request.
  path: Assets/prefabs/Plane.prefab
  artifactKey: Guid(a4cd16c3bea914143bcb602a6e9c0948) Importer(815301076,1909f56bfc062723c751e8b465ee728b)
Start importing Assets/prefabs/Plane.prefab using Guid(a4cd16c3bea914143bcb602a6e9c0948) Importer(815301076,1909f56bfc062723c751e8b465ee728b)  -> (artifact id: '759163e5737ef270d6afd51df77e66f9') in 0.107483 seconds 
  Import took 0.109942 seconds .

========================================================================
Received Import Request.
  Time since last request: 0.000244 seconds.
  path: Assets/prefabs/GameOverWindow.prefab
  artifactKey: Guid(5d8e6660c2e0518488aa57a98ef9cf6b) Importer(815301076,1909f56bfc062723c751e8b465ee728b)
Start importing Assets/prefabs/GameOverWindow.prefab using Guid(5d8e6660c2e0518488aa57a98ef9cf6b) Importer(815301076,1909f56bfc062723c751e8b465ee728b)  -> (artifact id: '16fdf5d5d2237cac204f10576796612d') in 0.018964 seconds 
  Import took 0.021351 seconds .

========================================================================
Received Import Request.
  Time since last request: 0.000248 seconds.
  path: Assets/prefabs/MediumPlane.prefab
  artifactKey: Guid(993c301d08ff480479a6792b5269407a) Importer(815301076,1909f56bfc062723c751e8b465ee728b)
Start importing Assets/prefabs/MediumPlane.prefab using Guid(993c301d08ff480479a6792b5269407a) Importer(815301076,1909f56bfc062723c751e8b465ee728b)  -> (artifact id: '3cad69044a9862ac0b2b50c29a9042ee') in 0.016235 seconds 
  Import took 0.018656 seconds .

========================================================================
Received Import Request.
  Time since last request: 29.258242 seconds.
  path: Assets/HighscoreTable/Border.png
  artifactKey: Guid(34d65cf600249fb4e9dcfd3de78a47d9) Importer(815301076,1909f56bfc062723c751e8b465ee728b)
Start importing Assets/HighscoreTable/Border.png using Guid(34d65cf600249fb4e9dcfd3de78a47d9) Importer(815301076,1909f56bfc062723c751e8b465ee728b)  -> (artifact id: 'd2bb6e3ee664c7e0adf5ac798a5c4376') in 0.113386 seconds 
  Import took 0.116016 seconds .

========================================================================
Received Import Request.
  Time since last request: 0.000191 seconds.
  path: Assets/HighscoreTable/White_1x1.png
  artifactKey: Guid(4af903dfe827749449894baaffa18f1b) Importer(815301076,1909f56bfc062723c751e8b465ee728b)
Start importing Assets/HighscoreTable/White_1x1.png using Guid(4af903dfe827749449894baaffa18f1b) Importer(815301076,1909f56bfc062723c751e8b465ee728b)  -> (artifact id: 'a4312141a8fcaf36ee49340430bd9339') in 0.016780 seconds 
  Import took 0.019030 seconds .

========================================================================
Received Import Request.
  Time since last request: 0.000202 seconds.
  path: Assets/HighscoreTable/HighscoreTable.prefab
  artifactKey: Guid(d8f0e6fb7fb14cb43a38fba34838eff4) Importer(815301076,1909f56bfc062723c751e8b465ee728b)
Start importing Assets/HighscoreTable/HighscoreTable.prefab using Guid(d8f0e6fb7fb14cb43a38fba34838eff4) Importer(815301076,1909f56bfc062723c751e8b465ee728b)  -> (artifact id: '21d21d79b1e527410429d4313195b63f') in 0.009687 seconds 
  Import took 0.012069 seconds .

========================================================================
Received Import Request.
  Time since last request: 0.000154 seconds.
  path: Assets/HighscoreTable/TrophyStar.png
  artifactKey: Guid(18468647aaab24440abeb671841c9764) Importer(815301076,1909f56bfc062723c751e8b465ee728b)
Start importing Assets/HighscoreTable/TrophyStar.png using Guid(18468647aaab24440abeb671841c9764) Importer(815301076,1909f56bfc062723c751e8b465ee728b)  -> (artifact id: 'f1690f06512a42860d6a5c1d35136d63') in 0.012536 seconds 
  Import took 0.014999 seconds .

========================================================================
Received Import Request.
  Time since last request: 1.005258 seconds.
  path: Assets/Materials/black-white-hypnotic-background-abstract-seamless-pattern-illustration_118124-3765.png
  artifactKey: Guid(a3a1f00699029614bb4d4db3a7b9a555) Importer(815301076,1909f56bfc062723c751e8b465ee728b)
Start importing Assets/Materials/black-white-hypnotic-background-abstract-seamless-pattern-illustration_118124-3765.png using Guid(a3a1f00699029614bb4d4db3a7b9a555) Importer(815301076,1909f56bfc062723c751e8b465ee728b)  -> (artifact id: '8273adefc51cd13490be5cd8d8af3a8c') in 0.011952 seconds 
  Import took 0.014690 seconds .

========================================================================
Received Import Request.
  Time since last request: 0.000203 seconds.
  path: Assets/Materials/hardLevelMat 1.mat
  artifactKey: Guid(0a2c374d872a0bf4c9f9e7f4d868e73f) Importer(815301076,1909f56bfc062723c751e8b465ee728b)
Start importing Assets/Materials/hardLevelMat 1.mat using Guid(0a2c374d872a0bf4c9f9e7f4d868e73f) Importer(815301076,1909f56bfc062723c751e8b465ee728b)  -> (artifact id: '7c22542607b378d82707252dc1233f80') in 0.027724 seconds 
  Import took 0.030007 seconds .

========================================================================
Received Import Request.
  Time since last request: 0.000260 seconds.
  path: Assets/Materials/MediumGroundMatreial.mat
  artifactKey: Guid(c36e5b3a5fb74d2468b6e3e5432475ea) Importer(815301076,1909f56bfc062723c751e8b465ee728b)
Start importing Assets/Materials/MediumGroundMatreial.mat using Guid(c36e5b3a5fb74d2468b6e3e5432475ea) Importer(815301076,1909f56bfc062723c751e8b465ee728b)  -> (artifact id: '704b31fc284333670df6a406fd64fbd3') in 0.013516 seconds 
  Import took 0.015775 seconds .

========================================================================
Received Import Request.
  Time since last request: 0.000223 seconds.
  path: Assets/Materials/mediumLevelMat.mat
  artifactKey: Guid(146a09d202819a9468b1f3f159a4cf86) Importer(815301076,1909f56bfc062723c751e8b465ee728b)
Start importing Assets/Materials/mediumLevelMat.mat using Guid(146a09d202819a9468b1f3f159a4cf86) Importer(815301076,1909f56bfc062723c751e8b465ee728b)  -> (artifact id: 'd08f47a0f852b6081b08e8c21d93caa9') in 0.011177 seconds 
  Import took 0.013412 seconds .

========================================================================
Received Import Request.
  Time since last request: 0.000156 seconds.
  path: Assets/Materials/hardLevelMat.mat
  artifactKey: Guid(3069eb056dc68364590811c266bc973f) Importer(815301076,1909f56bfc062723c751e8b465ee728b)
Start importing Assets/Materials/hardLevelMat.mat using Guid(3069eb056dc68364590811c266bc973f) Importer(815301076,1909f56bfc062723c751e8b465ee728b)  -> (artifact id: 'ce49d547483bad6c7a2f79ad2b38a019') in 0.012037 seconds 
  Import took 0.014324 seconds .

========================================================================
Received Import Request.
  Time since last request: 0.000215 seconds.
  path: Assets/Materials/o6-solid-light-blue2_1024_1024_1.mat
  artifactKey: Guid(60a2fd0b20755c0469e27f26ac886b34) Importer(815301076,1909f56bfc062723c751e8b465ee728b)
Start importing Assets/Materials/o6-solid-light-blue2_1024_1024_1.mat using Guid(60a2fd0b20755c0469e27f26ac886b34) Importer(815301076,1909f56bfc062723c751e8b465ee728b)  -> (artifact id: '981211a83b15b76f8ea7927673160e97') in 0.013952 seconds 
  Import took 0.016361 seconds .

========================================================================
Received Import Request.
  Time since last request: 0.000168 seconds.
  path: Assets/Materials/nextSpawnPoint.prefab
  artifactKey: Guid(a8fee1ed08ce7c742aeae1f5bb7bfc3a) Importer(815301076,1909f56bfc062723c751e8b465ee728b)
Start importing Assets/Materials/nextSpawnPoint.prefab using Guid(a8fee1ed08ce7c742aeae1f5bb7bfc3a) Importer(815301076,1909f56bfc062723c751e8b465ee728b)  -> (artifact id: '6407e07642404267d3f00b4eb30a1829') in 0.007033 seconds 
  Import took 0.009436 seconds .

========================================================================
Received Import Request.
  Time since last request: 0.000236 seconds.
  path: Assets/Materials/easyLevelMat.mat
  artifactKey: Guid(79fe43b96cfc16e4382c51daf7f92c4f) Importer(815301076,1909f56bfc062723c751e8b465ee728b)
Start importing Assets/Materials/easyLevelMat.mat using Guid(79fe43b96cfc16e4382c51daf7f92c4f) Importer(815301076,1909f56bfc062723c751e8b465ee728b)  -> (artifact id: '6c65cc8d712bcec01ce96c306520aba4') in 0.011153 seconds 
  Import took 0.013611 seconds .

========================================================================
Received Import Request.
  Time since last request: 0.000242 seconds.
  path: Assets/Materials/o6-solid-light-blue2_1024_1024_1.png
  artifactKey: Guid(37c49f048c11be247b0de6596297aec0) Importer(815301076,1909f56bfc062723c751e8b465ee728b)
Start importing Assets/Materials/o6-solid-light-blue2_1024_1024_1.png using Guid(37c49f048c11be247b0de6596297aec0) Importer(815301076,1909f56bfc062723c751e8b465ee728b)  -> (artifact id: '23c8593b76560cda5a301bdf30ca66f6') in 0.015147 seconds 
  Import took 0.017535 seconds .

========================================================================
Received Import Request.
  Time since last request: 0.000253 seconds.
  path: Assets/Materials/playerM.mat
  artifactKey: Guid(79efedd89e82a594399ca4da87e4e14e) Importer(815301076,1909f56bfc062723c751e8b465ee728b)
Start importing Assets/Materials/playerM.mat using Guid(79efedd89e82a594399ca4da87e4e14e) Importer(815301076,1909f56bfc062723c751e8b465ee728b)  -> (artifact id: 'cdda4ca9c206904330d834da6ed90e25') in 0.012698 seconds 
  Import took 0.014947 seconds .

========================================================================
Received Import Request.
  Time since last request: 81.131441 seconds.
  path: Assets/TringScript.cs
  artifactKey: Guid(3b00ae038a55f12468baf51b8a30a0e9) Importer(815301076,1909f56bfc062723c751e8b465ee728b)
Start importing Assets/TringScript.cs using Guid(3b00ae038a55f12468baf51b8a30a0e9) Importer(815301076,1909f56bfc062723c751e8b465ee728b)  -> (artifact id: '889d3640eaa22cd344cc7ff3aa7cb656') in 0.008180 seconds 
  Import took 0.010917 seconds .

========================================================================
Received Prepare
Registering precompiled user dll's ...
Registered in 0.004402 seconds.
Begin MonoManager ReloadAssembly
Native extension for WindowsStandalone target not found
Native extension for OSXStandalone target not found
Native extension for WebGL target not found
Refreshing native plugins compatible for Editor in 0.37 ms, found 2 plugins.
Preloading 0 native plugins for Editor in 0.00 ms.
Mono: successfully reloaded assembly
- Completed reload, in  0.941 seconds
Domain Reload Profiling:
	ReloadAssembly (941ms)
		BeginReloadAssembly (108ms)
			ExecutionOrderSort (0ms)
			DisableScriptedObjects (4ms)
			BackupInstance (0ms)
			ReleaseScriptingObjects (0ms)
			CreateAndSetChildDomain (30ms)
		EndReloadAssembly (776ms)
			LoadAssemblies (89ms)
			RebuildTransferFunctionScriptingTraits (0ms)
			SetupTypeCache (279ms)
			ReleaseScriptCaches (1ms)
			RebuildScriptCaches (37ms)
			SetupLoadedEditorAssemblies (280ms)
				LogAssemblyErrors (0ms)
				InitializePlatformSupportModulesInManaged (6ms)
				SetLoadedEditorAssemblies (0ms)
				RefreshPlugins (0ms)
				BeforeProcessingInitializeOnLoad (72ms)
				ProcessInitializeOnLoadAttributes (187ms)
				ProcessInitializeOnLoadMethodAttributes (8ms)
				AfterProcessingInitializeOnLoad (7ms)
				EditorAssembliesLoaded (0ms)
			ExecutionOrderSort2 (0ms)
			AwakeInstancesAfterBackupRestoration (7ms)
Platform modules already initialized, skipping
Refreshing native plugins compatible for Editor in 0.34 ms, found 2 plugins.
Preloading 0 native plugins for Editor in 0.00 ms.
Unloading 1522 Unused Serialized files (Serialized files now loaded: 0)
System memory in use before: 72.7 MB.
System memory in use after: 72.9 MB.

Unloading 14 unused Assets to reduce memory usage. Loaded Objects now: 2014.
Total: 2.330000 ms (FindLiveObjects: 0.119200 ms CreateObjectMapping: 0.041500 ms MarkObjects: 2.151200 ms  DeleteObjects: 0.017400 ms)

AssetImportParameters requested are different than current active one (requested -> active):
  custom:framework-win-MediaFoundation: 216162199b28c13a410421893ffa2e32 -> 
  custom:video-decoder-ogg-theora: a1e56fd34408186e4bbccfd4996cb3dc -> 
  custom:container-muxer-webm: aa71ff27fc2769a1b78a27578f13a17b -> 
  custom:container-demuxer-webm: 4f35f7cbe854078d1ac9338744f61a02 -> 
  custom:container-demuxer-ogg: 62fdf1f143b41e24485cea50d1cbac27 -> 
  custom:video-encoder-webm-vp8: eb34c28f22e8b96e1ab97ce403110664 -> 
  custom:video-decoder-webm-vp8: 9c59270c3fd7afecdb556c50c9e8de78 -> 
  custom:audio-decoder-ogg-vorbis: bf7c407c2cedff20999df2af8eb42d56 -> 
  custom:audio-encoder-webm-vorbis: bf7c407c2cedff20999df2af8eb42d56 -> 
========================================================================
Received Import Request.
  Time since last request: 18.564197 seconds.
  path: Assets/TringScript.cs
  artifactKey: Guid(3b00ae038a55f12468baf51b8a30a0e9) Importer(815301076,1909f56bfc062723c751e8b465ee728b)
Start importing Assets/TringScript.cs using Guid(3b00ae038a55f12468baf51b8a30a0e9) Importer(815301076,1909f56bfc062723c751e8b465ee728b)  -> (artifact id: '4c444d46e03dd67bc0fe13936e18073c') in 0.005572 seconds 
  Import took 0.007973 seconds .

========================================================================
Received Prepare
Registering precompiled user dll's ...
Registered in 0.004117 seconds.
Begin MonoManager ReloadAssembly
Native extension for WindowsStandalone target not found
Native extension for OSXStandalone target not found
Native extension for WebGL target not found
Refreshing native plugins compatible for Editor in 0.32 ms, found 2 plugins.
Preloading 0 native plugins for Editor in 0.00 ms.
Mono: successfully reloaded assembly
- Completed reload, in  0.890 seconds
Domain Reload Profiling:
	ReloadAssembly (891ms)
		BeginReloadAssembly (105ms)
			ExecutionOrderSort (0ms)
			DisableScriptedObjects (4ms)
			BackupInstance (0ms)
			ReleaseScriptingObjects (0ms)
			CreateAndSetChildDomain (29ms)
		EndReloadAssembly (729ms)
			LoadAssemblies (89ms)
			RebuildTransferFunctionScriptingTraits (0ms)
			SetupTypeCache (265ms)
			ReleaseScriptCaches (1ms)
			RebuildScriptCaches (35ms)
			SetupLoadedEditorAssemblies (261ms)
				LogAssemblyErrors (0ms)
				InitializePlatformSupportModulesInManaged (6ms)
				SetLoadedEditorAssemblies (0ms)
				RefreshPlugins (0ms)
				BeforeProcessingInitializeOnLoad (70ms)
				ProcessInitializeOnLoadAttributes (170ms)
				ProcessInitializeOnLoadMethodAttributes (8ms)
				AfterProcessingInitializeOnLoad (6ms)
				EditorAssembliesLoaded (0ms)
			ExecutionOrderSort2 (0ms)
			AwakeInstancesAfterBackupRestoration (7ms)
Platform modules already initialized, skipping
Refreshing native plugins compatible for Editor in 0.32 ms, found 2 plugins.
Preloading 0 native plugins for Editor in 0.00 ms.
Unloading 1522 Unused Serialized files (Serialized files now loaded: 0)
System memory in use before: 72.8 MB.
System memory in use after: 72.9 MB.

Unloading 14 unused Assets to reduce memory usage. Loaded Objects now: 2016.
Total: 2.471100 ms (FindLiveObjects: 0.116500 ms CreateObjectMapping: 0.042000 ms MarkObjects: 2.293600 ms  DeleteObjects: 0.018200 ms)

AssetImportParameters requested are different than current active one (requested -> active):
  custom:framework-win-MediaFoundation: 216162199b28c13a410421893ffa2e32 -> 
  custom:video-decoder-ogg-theora: a1e56fd34408186e4bbccfd4996cb3dc -> 
  custom:container-muxer-webm: aa71ff27fc2769a1b78a27578f13a17b -> 
  custom:container-demuxer-webm: 4f35f7cbe854078d1ac9338744f61a02 -> 
  custom:container-demuxer-ogg: 62fdf1f143b41e24485cea50d1cbac27 -> 
  custom:video-encoder-webm-vp8: eb34c28f22e8b96e1ab97ce403110664 -> 
  custom:video-decoder-webm-vp8: 9c59270c3fd7afecdb556c50c9e8de78 -> 
  custom:audio-decoder-ogg-vorbis: bf7c407c2cedff20999df2af8eb42d56 -> 
  custom:audio-encoder-webm-vorbis: bf7c407c2cedff20999df2af8eb42d56 -> 
